<?xml version="1.0" encoding="UTF-8"?>
<testng-results total="2" passed="2" failed="0" skipped="0">
  <reporter-output>
  </reporter-output>
  <suite started-at="2025-05-24T06:29:37Z" name="Suite" finished-at="2025-05-24T06:29:52Z" duration-ms="15329">
    <groups>
    </groups>
    <test started-at="2025-05-24T06:29:37Z" name="Test" finished-at="2025-05-24T06:29:52Z" duration-ms="15329">
      <class name="com.arcgate.testcase.SearchTest">
        <test-method is-config="true" signature="setUp()[pri:0, instance:com.arcgate.testcase.SearchTest@4ee37ca3]" started-at="2025-05-24T11:59:37Z" name="setUp" finished-at="2025-05-24T11:59:40Z" duration-ms="3302" status="PASS">
          <reporter-output>
          </reporter-output>
        </test-method> <!-- setUp -->
        <test-method signature="verifySearch()[pri:0, instance:com.arcgate.testcase.SearchTest@4ee37ca3]" started-at="2025-05-24T11:59:40Z" name="verifySearch" finished-at="2025-05-24T11:59:50Z" duration-ms="9463" status="PASS">
          <reporter-output>
          </reporter-output>
        </test-method> <!-- verifySearch -->
        <test-method is-config="true" signature="tearDown()[pri:0, instance:com.arcgate.testcase.SearchTest@4ee37ca3]" started-at="2025-05-24T11:59:50Z" name="tearDown" finished-at="2025-05-24T11:59:50Z" duration-ms="300" status="PASS">
          <reporter-output>
          </reporter-output>
        </test-method> <!-- tearDown -->
        <test-method is-config="true" signature="setUp()[pri:0, instance:com.arcgate.testcase.SearchTest@4ee37ca3]" started-at="2025-05-24T11:59:50Z" name="setUp" finished-at="2025-05-24T11:59:52Z" duration-ms="2019" status="PASS">
          <reporter-output>
          </reporter-output>
        </test-method> <!-- setUp -->
        <test-method signature="verifyTitle()[pri:0, instance:com.arcgate.testcase.SearchTest@4ee37ca3]" started-at="2025-05-24T11:59:52Z" name="verifyTitle" finished-at="2025-05-24T11:59:52Z" duration-ms="23" status="PASS">
          <reporter-output>
          </reporter-output>
        </test-method> <!-- verifyTitle -->
        <test-method is-config="true" signature="tearDown()[pri:0, instance:com.arcgate.testcase.SearchTest@4ee37ca3]" started-at="2025-05-24T11:59:52Z" name="tearDown" finished-at="2025-05-24T11:59:52Z" duration-ms="200" status="PASS">
          <reporter-output>
          </reporter-output>
        </test-method> <!-- tearDown -->
      </class> <!-- com.arcgate.testcase.SearchTest -->
    </test> <!-- Test -->
  </suite> <!-- Suite -->
</testng-results>
